<?xml version="1.0" encoding="UTF-8"?>
<testng-results ignored="0" total="3" passed="3" failed="0" skipped="0">
  <reporter-output>
  </reporter-output>
  <suite started-at="2019-11-15T07:10:39Z" name="Suite" finished-at="2019-11-15T07:11:35Z" duration-ms="56645">
    <groups>
    </groups>
    <test started-at="2019-11-15T07:10:39Z" name="Test" finished-at="2019-11-15T07:11:35Z" duration-ms="56645">
      <class name="com.test.ChromeTest3">
        <test-method signature="Test3()[pri:0, instance:com.test.ChromeTest3@15de0b3c]" started-at="2019-11-15T12:41:02Z" name="Test3" finished-at="2019-11-15T12:41:31Z" duration-ms="29442" status="PASS">
          <reporter-output>
          </reporter-output>
        </test-method> <!-- Test3 -->
      </class> <!-- com.test.ChromeTest3 -->
      <class name="com.test.ChromeTest2">
        <test-method signature="Test2()[pri:0, instance:com.test.ChromeTest2@1a677343]" started-at="2019-11-15T12:41:02Z" name="Test2" finished-at="2019-11-15T12:41:07Z" duration-ms="5290" status="PASS">
          <reporter-output>
          </reporter-output>
        </test-method> <!-- Test2 -->
      </class> <!-- com.test.ChromeTest2 -->
      <class name="com.test.ChromeTest1">
        <test-method is-config="true" signature="startdocker()[pri:0, instance:com.test.ChromeTest1@6ed3ccb2]" started-at="2019-11-15T12:40:39Z" name="startdocker" finished-at="2019-11-15T12:41:02Z" duration-ms="23145" status="PASS">
          <reporter-output>
          </reporter-output>
        </test-method> <!-- startdocker -->
        <test-method signature="Test1()[pri:0, instance:com.test.ChromeTest1@6ed3ccb2]" started-at="2019-11-15T12:41:02Z" name="Test1" finished-at="2019-11-15T12:41:06Z" duration-ms="3956" status="PASS">
          <reporter-output>
          </reporter-output>
        </test-method> <!-- Test1 -->
        <test-method is-config="true" signature="stopdocker()[pri:0, instance:com.test.ChromeTest1@6ed3ccb2]" started-at="2019-11-15T12:41:31Z" name="stopdocker" finished-at="2019-11-15T12:41:35Z" duration-ms="4016" status="PASS">
          <reporter-output>
          </reporter-output>
        </test-method> <!-- stopdocker -->
      </class> <!-- com.test.ChromeTest1 -->
    </test> <!-- Test -->
  </suite> <!-- Suite -->
</testng-results>
