<?xml version="1.0" encoding="UTF-8"?>
<testng-results ignored="0" total="3" passed="3" failed="0" skipped="0">
  <reporter-output>
  </reporter-output>
  <suite started-at="2019-11-18T06:39:17Z" name="Default suite" finished-at="2019-11-18T06:39:17Z" duration-ms="562">
    <groups>
    </groups>
    <test started-at="2019-11-18T06:39:17Z" name="Default test" finished-at="2019-11-18T06:39:17Z" duration-ms="562">
      <class name="com.test.DataProvider">
        <test-method signature="testcasedata(java.lang.String, java.lang.String, java.lang.String)[pri:0, instance:com.test.DataProvider@424e1977]" started-at="2019-11-18T12:09:17Z" name="testcasedata" data-provider="data" finished-at="2019-11-18T12:09:17Z" duration-ms="6" status="PASS">
          <params>
            <param index="0">
              <value>
                <![CDATA[hello]]>
              </value>
            </param>
            <param index="1">
              <value>
                <![CDATA[test]]>
              </value>
            </param>
            <param index="2">
              <value>
                <![CDATA[1]]>
              </value>
            </param>
          </params>
          <reporter-output>
          </reporter-output>
        </test-method> <!-- testcasedata -->
        <test-method signature="testcasedata(java.lang.String, java.lang.String, java.lang.String)[pri:0, instance:com.test.DataProvider@424e1977]" started-at="2019-11-18T12:09:17Z" name="testcasedata" data-provider="data" finished-at="2019-11-18T12:09:17Z" duration-ms="1" status="PASS">
          <params>
            <param index="0">
              <value>
                <![CDATA[bye]]>
              </value>
            </param>
            <param index="1">
              <value>
                <![CDATA[message]]>
              </value>
            </param>
            <param index="2">
              <value>
                <![CDATA[143]]>
              </value>
            </param>
          </params>
          <reporter-output>
          </reporter-output>
        </test-method> <!-- testcasedata -->
        <test-method signature="testcasedata(java.lang.String, java.lang.String, java.lang.String)[pri:0, instance:com.test.DataProvider@424e1977]" started-at="2019-11-18T12:09:17Z" name="testcasedata" data-provider="data" finished-at="2019-11-18T12:09:17Z" duration-ms="1" status="PASS">
          <params>
            <param index="0">
              <value>
                <![CDATA[solo]]>
              </value>
            </param>
            <param index="1">
              <value>
                <![CDATA[call]]>
              </value>
            </param>
            <param index="2">
              <value>
                <![CDATA[444]]>
              </value>
            </param>
          </params>
          <reporter-output>
          </reporter-output>
        </test-method> <!-- testcasedata -->
      </class> <!-- com.test.DataProvider -->
    </test> <!-- Default test -->
  </suite> <!-- Default suite -->
</testng-results>
