<?xml version="1.0" encoding="UTF-8"?>
<testng-results ignored="0" total="3" passed="3" failed="0" skipped="0">
  <reporter-output>
  </reporter-output>
  <suite started-at="2019-11-15T09:20:06Z" name="Suite" finished-at="2019-11-15T09:21:04Z" duration-ms="58194">
    <groups>
    </groups>
    <test started-at="2019-11-15T09:20:06Z" name="Test" finished-at="2019-11-15T09:21:04Z" duration-ms="58194">
      <class name="com.test.ChromeTest3">
        <test-method signature="Test3()[pri:0, instance:com.test.ChromeTest3@10683d9d]" started-at="2019-11-15T09:20:29Z" name="Test3" finished-at="2019-11-15T09:21:00Z" duration-ms="31404" status="PASS">
          <reporter-output>
          </reporter-output>
        </test-method> <!-- Test3 -->
      </class> <!-- com.test.ChromeTest3 -->
      <class name="com.test.ChromeTest2">
        <test-method signature="Test2()[pri:0, instance:com.test.ChromeTest2@1f2586d6]" started-at="2019-11-15T09:20:29Z" name="Test2" finished-at="2019-11-15T09:20:35Z" duration-ms="6243" status="PASS">
          <reporter-output>
          </reporter-output>
        </test-method> <!-- Test2 -->
      </class> <!-- com.test.ChromeTest2 -->
      <class name="com.test.ChromeTest1">
        <test-method is-config="true" signature="startdocker()[pri:0, instance:com.test.ChromeTest1@2f4948e4]" started-at="2019-11-15T09:20:06Z" name="startdocker" finished-at="2019-11-15T09:20:29Z" duration-ms="22743" status="PASS">
          <reporter-output>
          </reporter-output>
        </test-method> <!-- startdocker -->
        <test-method signature="Test1()[pri:0, instance:com.test.ChromeTest1@2f4948e4]" started-at="2019-11-15T09:20:29Z" name="Test1" finished-at="2019-11-15T09:20:33Z" duration-ms="4143" status="PASS">
          <reporter-output>
          </reporter-output>
        </test-method> <!-- Test1 -->
        <test-method is-config="true" signature="stopdocker()[pri:0, instance:com.test.ChromeTest1@2f4948e4]" started-at="2019-11-15T09:21:00Z" name="stopdocker" finished-at="2019-11-15T09:21:04Z" duration-ms="4011" status="PASS">
          <reporter-output>
          </reporter-output>
        </test-method> <!-- stopdocker -->
      </class> <!-- com.test.ChromeTest1 -->
    </test> <!-- Test -->
  </suite> <!-- Suite -->
</testng-results>
